<?xml version="1.0" encoding="UTF-8"?>
<testng-results skipped="0" failed="0" ignored="0" total="2" passed="2">
  <reporter-output>
  </reporter-output>
  <suite name="Default suite" duration-ms="67" started-at="2018-10-24T12:43:42Z" finished-at="2018-10-24T12:43:42Z">
    <groups>
    </groups>
    <test name="Default test" duration-ms="67" started-at="2018-10-24T12:43:42Z" finished-at="2018-10-24T12:43:42Z">
      <class name="tesng.NewTest">
        <test-method status="PASS" signature="f()[pri:0, instance:tesng.NewTest@20e2cbe0]" name="f" duration-ms="27" started-at="2018-10-24T12:43:42Z" finished-at="2018-10-24T12:43:42Z">
          <reporter-output>
          </reporter-output>
        </test-method> <!-- f -->
        <test-method status="PASS" signature="run()[pri:0, instance:tesng.NewTest@20e2cbe0]" name="run" duration-ms="2" started-at="2018-10-24T12:43:42Z" finished-at="2018-10-24T12:43:42Z">
          <reporter-output>
          </reporter-output>
        </test-method> <!-- run -->
      </class> <!-- tesng.NewTest -->
    </test> <!-- Default test -->
  </suite> <!-- Default suite -->
</testng-results>
